Build started 10/25/2015 11:04:38 AM.
     1>Project "F:\VS Projects\Sin-Engine\SinEngine.vcxproj" on node 2 (Build target(s)).
     1>ClCompile:
         D:\Dev Software\Visual Studio\VC\bin\x86_amd64\CL.exe /c /ZI /nologo /W3 /WX- /sdl /Od /D _MBCS /Gm /EHsc /RTC1 /MDd /GS /fp:precise /Zc:wchar_t /Zc:forScope /Zc:inline /Fo"x64\Debug\\" /Fd"x64\Debug\vc140.pdb" /Gd /TP /errorReport:prompt main.cpp
         main.cpp
       Link:
         D:\Dev Software\Visual Studio\VC\bin\x86_amd64\link.exe /ERRORREPORT:PROMPT /OUT:"F:\VS Projects\Sin-Engine\x64\Debug\SinEngine.exe" /INCREMENTAL /NOLOGO "sfml-window-d.lib" "sfml-audio-d.lib" "sfml-network-d.lib" "sfml-system-d.lib" kernel32.lib user32.lib gdi32.lib winspool.lib comdlg32.lib advapi32.lib shell32.lib ole32.lib oleaut32.lib uuid.lib odbc32.lib odbccp32.lib /MANIFEST /MANIFESTUAC:"level='asInvoker' uiAccess='false'" /manifest:embed /Debug /PDB:"F:\VS Projects\Sin-Engine\x64\Debug\SinEngine.pdb" /TLBID:1 /DYNAMICBASE /NXCOMPAT /IMPLIB:"F:\VS Projects\Sin-Engine\x64\Debug\SinEngine.lib" /MACHINE:X64 x64\Debug\main.obj
     1>main.obj : error LNK2019: unresolved external symbol "__declspec(dllimport) public: __cdecl sf::String::String(char const *,class std::locale const &)" (__imp_??0String@sf@@QEAA@PEBDAEBVlocale@std@@@Z) referenced in function main
     1>main.obj : error LNK2019: unresolved external symbol "__declspec(dllimport) public: __cdecl sf::String::~String(void)" (__imp_??1String@sf@@QEAA@XZ) referenced in function main
     1>main.obj : error LNK2019: unresolved external symbol "__declspec(dllimport) public: __cdecl sf::VideoMode::VideoMode(unsigned int,unsigned int,unsigned int)" (__imp_??0VideoMode@sf@@QEAA@III@Z) referenced in function main
     1>main.obj : error LNK2019: unresolved external symbol "__declspec(dllimport) public: __cdecl sf::Window::Window(class sf::VideoMode,class sf::String const &,unsigned int,struct sf::ContextSettings const &)" (__imp_??0Window@sf@@QEAA@VVideoMode@1@AEBVString@1@IAEBUContextSettings@1@@Z) referenced in function main
     1>main.obj : error LNK2019: unresolved external symbol "__declspec(dllimport) public: virtual __cdecl sf::Window::~Window(void)" (__imp_??1Window@sf@@UEAA@XZ) referenced in function main
     1>main.obj : error LNK2019: unresolved external symbol "__declspec(dllimport) public: bool __cdecl sf::Window::pollEvent(class sf::Event &)" (__imp_?pollEvent@Window@sf@@QEAA_NAEAVEvent@2@@Z) referenced in function main
     1>main.obj : error LNK2019: unresolved external symbol "__declspec(dllimport) public: void __cdecl sf::Window::setVerticalSyncEnabled(bool)" (__imp_?setVerticalSyncEnabled@Window@sf@@QEAAX_N@Z) referenced in function main
     1>main.obj : error LNK2019: unresolved external symbol "__declspec(dllimport) public: void __cdecl sf::Window::display(void)" (__imp_?display@Window@sf@@QEAAXXZ) referenced in function main
     1>main.obj : error LNK2019: unresolved external symbol __imp_glClear referenced in function main
     1>main.obj : error LNK2019: unresolved external symbol __imp_glViewport referenced in function main
     1>F:\VS Projects\Sin-Engine\sfml\lib\sfml-window-d.lib : warning LNK4272: library machine type 'X86' conflicts with target machine type 'x64'
     1>F:\VS Projects\Sin-Engine\sfml\lib\sfml-audio-d.lib : warning LNK4272: library machine type 'X86' conflicts with target machine type 'x64'
     1>F:\VS Projects\Sin-Engine\sfml\lib\sfml-network-d.lib : warning LNK4272: library machine type 'X86' conflicts with target machine type 'x64'
     1>F:\VS Projects\Sin-Engine\sfml\lib\sfml-system-d.lib : warning LNK4272: library machine type 'X86' conflicts with target machine type 'x64'
     1>F:\VS Projects\Sin-Engine\x64\Debug\SinEngine.exe : fatal error LNK1120: 10 unresolved externals
     1>Done Building Project "F:\VS Projects\Sin-Engine\SinEngine.vcxproj" (Build target(s)) -- FAILED.

Build FAILED.

Time Elapsed 00:00:04.28
